<?xml version="1.0" encoding="UTF-8"?>
<!-- Generated by org.testng.reporters.JUnitReportReporter -->
<testsuite skipped="0" hostname="Poo-PC" name="com.jbk.tests.LoginPage_Test" tests="2" failures="0" timestamp="26 Feb 2020 09:43:29 GMT" time="27.638" errors="0">
  <testcase name="checkTitle" time="18.541" classname="com.jbk.tests.LoginPage_Test"/>
  <testcase name="navigatTohomepage" time="9.097" classname="com.jbk.tests.LoginPage_Test"/>
</testsuite> <!-- com.jbk.tests.LoginPage_Test -->
